<?xml version="1.0" encoding="UTF-8"?>
<!-- Generated by org.testng.reporters.JUnitXMLReporter -->
<testsuite ignored="0" hostname="Ravis-MacBook-Pro.local" failures="0" tests="4" name="Surefire test" time="2.295" errors="0" timestamp="2025-09-20T17:11:09 PDT">
  <testcase classname="com.example.tests.ApiTest" name="stubGetEndpoint" time="1.048"/>
  <testcase classname="com.example.tests.ApiTest" name="stubPutEndpoint" time="0.057"/>
  <testcase classname="com.example.tests.ApiTest" name="testStubbedPostEndpoint" time="0.045"/>
  <testcase classname="com.example.tests.PojoTest" name="testPojoPostEndpoint" time="0.087"/>
</testsuite> <!-- Surefire test -->
