-------------------------------------------------------------------------------
Test set: TestSuite
-------------------------------------------------------------------------------
Tests run: 5, Failures: 1, Errors: 0, Skipped: 0, Time elapsed: 8.028 s <<< FAILURE! - in TestSuite
stubGetEndpoint(com.example.tests.ApiTest)  Time elapsed: 0.619 s  <<< FAILURE!
java.lang.AssertionError: 
1 expectation failed.
Expected status code <200> but was <404>.

	at com.example.tests.ApiTest.stubGetEndpoint(ApiTest.java:50)

