<?xml version="1.0" encoding="UTF-8"?>
<testng-results ignored="0" total="1" passed="1" failed="0" skipped="0">
  <reporter-output>
  </reporter-output>
  <suite started-at="2025-09-22T15:21:55 PDT" name="Surefire suite" finished-at="2025-09-22T15:21:56 PDT" duration-ms="263">
    <groups>
    </groups>
    <test started-at="2025-09-22T15:21:55 PDT" name="Surefire test" finished-at="2025-09-22T15:21:56 PDT" duration-ms="263">
      <class name="com.example.tests.tokenGentest">
        <test-method signature="callTokenGenerator()[pri:0, instance:com.example.tests.tokenGentest@2d127a61]" started-at="2025-09-22T15:21:55 PDT" name="callTokenGenerator" finished-at="2025-09-22T15:21:56 PDT" duration-ms="233" status="PASS">
          <reporter-output>
          </reporter-output>
        </test-method> <!-- callTokenGenerator -->
      </class> <!-- com.example.tests.tokenGentest -->
    </test> <!-- Surefire test -->
  </suite> <!-- Surefire suite -->
</testng-results>
